<?xml version="1.0" encoding="UTF-8"?>
<!-- Generated by org.testng.reporters.JUnitReportReporter -->
<testsuite skipped="0" hostname="Parag-PC" name="uiframework.uiframework.Paragcom.freecrm.TestScript.TestScreen" tests="1" failures="0" timestamp="30 Jan 2019 17:24:58 GMT" time="7.026" errors="0">
  <testcase name="TestscreenTest" time="7.026" classname="uiframework.uiframework.Paragcom.freecrm.TestScript.TestScreen"/>
</testsuite> <!-- uiframework.uiframework.Paragcom.freecrm.TestScript.TestScreen -->
